[Sat Apr  6 04:07:47 2024] CIRI begins running
[Sat Apr  6 04:07:47 2024] Loading reference
[Sat Apr  6 04:09:36 2024] First scanning
 Candidate reads with splicing signals: 17
 Candidate reads with PEM signals: 17
 Candidate circRNAs found: 17
[Sat Apr  6 04:19:17 2024] Second scanning
[Sat Apr  6 04:39:12 2024] Extracting info from temporary files
 Additional candidate reads found: 5
[Sat Apr  6 04:40:09 2024] Summarizing
 Number of circular RNAs found: 3
[Sat Apr  6 04:40:10 2024] CIRI finished its work. Please see output file SRR3286992_outfe for detail.
--------------------------------------------------------------------------------
[Sat Apr  6 10:37:14 2024] CIRI begins running
[Sat Apr  6 10:37:14 2024] Loading reference
[Sat Apr  6 10:38:46 2024] First scanning
 Candidate reads with splicing signals: 17
 Candidate reads with PEM signals: 17
 Candidate circRNAs found: 17
[Sat Apr  6 10:53:47 2024] Second scanning
[Sat Apr  6 11:13:37 2024] Extracting info from temporary files
 Additional candidate reads found: 5
[Sat Apr  6 11:14:29 2024] Summarizing
 Number of circular RNAs found: 3
[Sat Apr  6 11:14:31 2024] CIRI finished its work. Please see output file SRR3286992_outfe for detail.
--------------------------------------------------------------------------------
